# JRE version: Java(TM) SE Runtime Environment (8.0_66-b18) (build 1.8.0_66-b18)
# Java VM: Java HotSpot(TM) 64-Bit Server VM (25.66-b18 mixed mode windows-amd64 compressed oops)
Heap:
 PSYoungGen      total 313856K, used 234524K [0x00000000eab00000, 0x00000000ffe00000, 0x0000000100000000)
  eden space 308224K, 76% used [0x00000000eab00000,0x00000000f9007378,0x00000000fd800000)
  from space 5632K, 0% used [0x00000000fd800000,0x00000000fd800000,0x00000000fdd80000)
  to   space 19456K, 0% used [0x00000000feb00000,0x00000000feb00000,0x00000000ffe00000)
 ParOldGen       total 92672K, used 48170K [0x00000000c0000000, 0x00000000c5a80000, 0x00000000eab00000)
  object space 92672K, 51% used [0x00000000c0000000,0x00000000c2f0ab28,0x00000000c5a80000)
 Metaspace       used 61954K, capacity 69202K, committed 71552K, reserved 1110016K
  class space    used 8092K, capacity 10164K, committed 10880K, reserved 1048576K
GC Heap History (10 events):
Event: 6206.670 GC heap before
{Heap before GC invocations=45 (full 14):
 PSYoungGen      total 322560K, used 303104K [0x00000000eab00000, 0x00000000fff00000, 0x0000000100000000)
  eden space 303104K, 100% used [0x00000000eab00000,0x00000000fd300000,0x00000000fd300000)
  from space 19456K, 0% used [0x00000000fe800000,0x00000000fe800000,0x00000000ffb00000)
  to   space 21504K, 0% used [0x00000000fd300000,0x00000000fd300000,0x00000000fe800000)
 ParOldGen       total 92672K, used 57300K [0x00000000c0000000, 0x00000000c5a80000, 0x00000000eab00000)
  object space 92672K, 61% used [0x00000000c0000000,0x00000000c37f5180,0x00000000c5a80000)
 Metaspace       used 61783K, capacity 69044K, committed 70144K, reserved 1110016K
  class space    used 8117K, capacity 10180K, committed 10496K, reserved 1048576K
Event: 6206.716 GC heap after
Heap after GC invocations=45 (full 14):
 PSYoungGen      total 324608K, used 5015K [0x00000000eab00000, 0x0000000100000000, 0x0000000100000000)
  eden space 303104K, 0% used [0x00000000eab00000,0x00000000eab00000,0x00000000fd300000)
  from space 21504K, 23% used [0x00000000fd300000,0x00000000fd7e5e30,0x00000000fe800000)
  to   space 20480K, 0% used [0x00000000fec00000,0x00000000fec00000,0x0000000100000000)
 ParOldGen       total 92672K, used 57308K [0x00000000c0000000, 0x00000000c5a80000, 0x00000000eab00000)
  object space 92672K, 61% used [0x00000000c0000000,0x00000000c37f7180,0x00000000c5a80000)
 Metaspace       used 61783K, capacity 69044K, committed 70144K, reserved 1110016K
  class space    used 8117K, capacity 10180K, committed 10496K, reserved 1048576K
}
Event: 6208.574 GC heap before
{Heap before GC invocations=46 (full 14):
 PSYoungGen      total 324608K, used 140201K [0x00000000eab00000, 0x0000000100000000, 0x0000000100000000)
  eden space 303104K, 44% used [0x00000000eab00000,0x00000000f2f046f0,0x00000000fd300000)
  from space 21504K, 23% used [0x00000000fd300000,0x00000000fd7e5e30,0x00000000fe800000)
  to   space 20480K, 0% used [0x00000000fec00000,0x00000000fec00000,0x0000000100000000)
 ParOldGen       total 92672K, used 57308K [0x00000000c0000000, 0x00000000c5a80000, 0x00000000eab00000)
  object space 92672K, 61% used [0x00000000c0000000,0x00000000c37f7180,0x00000000c5a80000)
 Metaspace       used 62859K, capacity 70766K, committed 70912K, reserved 1110016K
  class space    used 8334K, capacity 10644K, committed 10752K, reserved 1048576K
Event: 6208.587 GC heap after
Heap after GC invocations=46 (full 14):
 PSYoungGen      total 327680K, used 10359K [0x00000000eab00000, 0x00000000fff00000, 0x0000000100000000)
  eden space 308224K, 0% used [0x00000000eab00000,0x00000000eab00000,0x00000000fd800000)
  from space 19456K, 53% used [0x00000000fec00000,0x00000000ff61dfb8,0x00000000fff00000)
  to   space 19968K, 0% used [0x00000000fd800000,0x00000000fd800000,0x00000000feb80000)
 ParOldGen       total 92672K, used 57316K [0x00000000c0000000, 0x00000000c5a80000, 0x00000000eab00000)
  object space 92672K, 61% used [0x00000000c0000000,0x00000000c37f9180,0x00000000c5a80000)
 Metaspace       used 62859K, capacity 70766K, committed 70912K, reserved 1110016K
  class space    used 8334K, capacity 10644K, committed 10752K, reserved 1048576K
}
Event: 6208.587 GC heap before
{Heap before GC invocations=47 (full 15):
 PSYoungGen      total 327680K, used 10359K [0x00000000eab00000, 0x00000000fff00000, 0x0000000100000000)
  eden space 308224K, 0% used [0x00000000eab00000,0x00000000eab00000,0x00000000fd800000)
  from space 19456K, 53% used [0x00000000fec00000,0x00000000ff61dfb8,0x00000000fff00000)
  to   space 19968K, 0% used [0x00000000fd800000,0x00000000fd800000,0x00000000feb80000)
 ParOldGen       total 92672K, used 57316K [0x00000000c0000000, 0x00000000c5a80000, 0x00000000eab00000)
  object space 92672K, 61% used [0x00000000c0000000,0x00000000c37f9180,0x00000000c5a80000)
 Metaspace       used 62859K, capacity 70766K, committed 70912K, reserved 1110016K
  class space    used 8334K, capacity 10644K, committed 10752K, reserved 1048576K
Event: 6209.389 GC heap after
Heap after GC invocations=47 (full 15):
 PSYoungGen      total 327680K, used 0K [0x00000000eab00000, 0x00000000fff00000, 0x0000000100000000)
  eden space 308224K, 0% used [0x00000000eab00000,0x00000000eab00000,0x00000000fd800000)
  from space 19456K, 0% used [0x00000000fec00000,0x00000000fec00000,0x00000000fff00000)
  to   space 19968K, 0% used [0x00000000fd800000,0x00000000fd800000,0x00000000feb80000)
 ParOldGen       total 92672K, used 62206K [0x00000000c0000000, 0x00000000c5a80000, 0x00000000eab00000)
  object space 92672K, 67% used [0x00000000c0000000,0x00000000c3cbf940,0x00000000c5a80000)
 Metaspace       used 62825K, capacity 70652K, committed 70912K, reserved 1110016K
  class space    used 8328K, capacity 10610K, committed 10752K, reserved 1048576K
}
Event: 7233.319 GC heap before
{Heap before GC invocations=48 (full 15):
 PSYoungGen      total 327680K, used 240046K [0x00000000eab00000, 0x00000000fff00000, 0x0000000100000000)
  eden space 308224K, 77% used [0x00000000eab00000,0x00000000f956b880,0x00000000fd800000)
  from space 19456K, 0% used [0x00000000fec00000,0x00000000fec00000,0x00000000fff00000)
  to   space 19968K, 0% used [0x00000000fd800000,0x00000000fd800000,0x00000000feb80000)
 ParOldGen       total 92672K, used 62206K [0x00000000c0000000, 0x00000000c5a80000, 0x00000000eab00000)
  object space 92672K, 67% used [0x00000000c0000000,0x00000000c3cbf940,0x00000000c5a80000)
 Metaspace       used 63281K, capacity 71388K, committed 71552K, reserved 1110016K
  class space    used 8392K, capacity 10760K, committed 10880K, reserved 1048576K
Event: 7233.364 GC heap after
Heap after GC invocations=48 (full 15):
 PSYoungGen      total 313856K, used 5502K [0x00000000eab00000, 0x00000000ffe00000, 0x0000000100000000)
  eden space 308224K, 0% used [0x00000000eab00000,0x00000000eab00000,0x00000000fd800000)
  from space 5632K, 97% used [0x00000000fd800000,0x00000000fdd5fb80,0x00000000fdd80000)
  to   space 19456K, 0% used [0x00000000feb00000,0x00000000feb00000,0x00000000ffe00000)
 ParOldGen       total 92672K, used 62214K [0x00000000c0000000, 0x00000000c5a80000, 0x00000000eab00000)
  object space 92672K, 67% used [0x00000000c0000000,0x00000000c3cc1940,0x00000000c5a80000)
 Metaspace       used 63281K, capacity 71388K, committed 71552K, reserved 1110016K
  class space    used 8392K, capacity 10760K, committed 10880K, reserved 1048576K
}
Event: 7233.365 GC heap before
{Heap before GC invocations=49 (full 16):
 PSYoungGen      total 313856K, used 5502K [0x00000000eab00000, 0x00000000ffe00000, 0x0000000100000000)
  eden space 308224K, 0% used [0x00000000eab00000,0x00000000eab00000,0x00000000fd800000)
  from space 5632K, 97% used [0x00000000fd800000,0x00000000fdd5fb80,0x00000000fdd80000)
  to   space 19456K, 0% used [0x00000000feb00000,0x00000000feb00000,0x00000000ffe00000)
 ParOldGen       total 92672K, used 62214K [0x00000000c0000000, 0x00000000c5a80000, 0x00000000eab00000)
  object space 92672K, 67% used [0x00000000c0000000,0x00000000c3cc1940,0x00000000c5a80000)
 Metaspace       used 63281K, capacity 71388K, committed 71552K, reserved 1110016K
  class space    used 8392K, capacity 10760K, committed 10880K, reserved 1048576K
Event: 7233.771 GC heap after
Heap after GC invocations=49 (full 16):
 PSYoungGen      total 313856K, used 0K [0x00000000eab00000, 0x00000000ffe00000, 0x0000000100000000)
  eden space 308224K, 0% used [0x00000000eab00000,0x00000000eab00000,0x00000000fd800000)
  from space 5632K, 0% used [0x00000000fd800000,0x00000000fd800000,0x00000000fdd80000)
  to   space 19456K, 0% used [0x00000000feb00000,0x00000000feb00000,0x00000000ffe00000)
 ParOldGen       total 92672K, used 48170K [0x00000000c0000000, 0x00000000c5a80000, 0x00000000eab00000)
  object space 92672K, 51% used [0x00000000c0000000,0x00000000c2f0ab28,0x00000000c5a80000)
 Metaspace       used 60825K, capacity 67006K, committed 71552K, reserved 1110016K
  class space    used 7713K, capacity 9382K, committed 10880K, reserved 1048576K
}

